{
  "RSpec": {
    "coverage": {
      "/Users/juhakunnas/hy/wadror/app/models/beer.rb": [
        1,
        1,
        null,
        1,
        1,
        1,
        null,
        1,
        1,
        null,
        1,
        2,
        null,
        null
      ],
      "/Users/juhakunnas/hy/wadror/app/models/concerns/rating_average.rb": [
        1,
        1,
        null,
        1,
        3,
        null,
        null
      ],
      "/Users/juhakunnas/hy/wadror/app/models/brewery.rb": [
        1,
        1,
        null,
        1,
        1,
        32,
        null,
        1,
        1,
        null
      ],
      "/Users/juhakunnas/hy/wadror/app/models/user.rb": [
        1,
        1,
        null,
        1,
        null,
        1,
        1,
        1,
        1,
        null,
        1,
        null,
        null,
        1,
        null,
        1,
        null,
        1,
        4,
        null,
        null,
        3,
        null,
        null,
        1,
        2,
        1,
        null,
        null
      ],
      "/Users/juhakunnas/hy/wadror/app/controllers/breweries_controller.rb": [
        1,
        1,
        1,
        null,
        null,
        null,
        1,
        3,
        null,
        null,
        null,
        null,
        1,
        null,
        null,
        null,
        1,
        0,
        null,
        null,
        null,
        1,
        null,
        null,
        null,
        null,
        1,
        0,
        null,
        0,
        0,
        0,
        0,
        null,
        0,
        0,
        null,
        null,
        null,
        null,
        null,
        null,
        1,
        0,
        0,
        0,
        0,
        null,
        0,
        0,
        null,
        null,
        null,
        null,
        null,
        null,
        1,
        0,
        0,
        0,
        0,
        null,
        null,
        null,
        1,
        null,
        1,
        0,
        null,
        0,
        0,
        null,
        null,
        null,
        null,
        1,
        1,
        null,
        null,
        null,
        1,
        0,
        null,
        null
      ],
      "/Users/juhakunnas/hy/wadror/app/controllers/application_controller.rb": [
        1,
        null,
        null,
        1,
        null,
        1,
        null,
        1,
        30,
        19,
        null,
        0,
        null,
        null
      ],
      "/Users/juhakunnas/hy/wadror/app/controllers/sessions_controller.rb": [
        1,
        1,
        null,
        null,
        null,
        1,
        3,
        3,
        2,
        2,
        null,
        1,
        null,
        null,
        null,
        1,
        null,
        0,
        null,
        0,
        null,
        null
      ],
      "/Users/juhakunnas/hy/wadror/app/controllers/users_controller.rb": [
        1,
        1,
        null,
        null,
        null,
        1,
        0,
        null,
        null,
        null,
        null,
        1,
        null,
        null,
        null,
        1,
        1,
        null,
        null,
        null,
        1,
        null,
        null,
        null,
        null,
        1,
        1,
        null,
        1,
        1,
        2,
        1,
        null,
        0,
        0,
        null,
        null,
        null,
        null,
        null,
        null,
        1,
        0,
        0,
        0,
        0,
        null,
        0,
        0,
        null,
        null,
        null,
        null,
        null,
        null,
        1,
        0,
        0,
        0,
        null,
        0,
        0,
        0,
        null,
        null,
        null,
        1,
        null,
        1,
        4,
        null,
        null,
        null,
        1,
        1,
        null,
        null
      ],
      "/Users/juhakunnas/hy/wadror/app/models/membership.rb": [
        1,
        1,
        1,
        null
      ],
      "/Users/juhakunnas/hy/wadror/app/models/beer_club.rb": [
        1,
        1,
        1,
        null
      ],
      "/Users/juhakunnas/hy/wadror/app/controllers/ratings_controller.rb": [
        1,
        1,
        0,
        null,
        null,
        1,
        1,
        1,
        null,
        null,
        1,
        1,
        null,
        1,
        0,
        1,
        1,
        1,
        null,
        0,
        0,
        null,
        null,
        null,
        1,
        0,
        0,
        0,
        null,
        null
      ]
    },
    "timestamp": 1423550912
  }
}
